\BOOKMARK [1][-]{section.1}{\376\377\000A\000b\000s\000t\000r\000a\000c\000t}{}% 1
\BOOKMARK [1][-]{section.2}{\376\377\000I\000n\000t\000r\000o\000d\000u\000c\000t\000i\000o\000n}{}% 2
\BOOKMARK [1][-]{section.3}{\376\377\000P\000r\000e\000l\000i\000m\000i\000n\000a\000r\000i\000e\000s}{}% 3
\BOOKMARK [2][-]{subsection.3.1}{\376\377\000A\000c\000c\000u\000m\000u\000l\000a\000t\000o\000r\000s}{section.3}% 4
\BOOKMARK [2][-]{subsection.3.2}{\376\377\000E\000n\000c\000r\000y\000p\000t\000i\000o\000n\000\040\000s\000c\000h\000e\000m\000e\000s}{section.3}% 5
\BOOKMARK [2][-]{subsection.3.3}{\376\377\000V\000o\000t\000e\000\040\000r\000e\000p\000r\000e\000s\000e\000n\000t\000a\000t\000i\000o\000n}{section.3}% 6
\BOOKMARK [1][-]{section.4}{\376\377\000P\000r\000o\000t\000o\000c\000o\000l}{}% 7
\BOOKMARK [2][-]{subsection.4.1}{\376\377\000O\000n\000e\000-\000t\000i\000m\000e\000\040\000s\000e\000t\000u\000p}{section.4}% 8
\BOOKMARK [2][-]{subsection.4.2}{\376\377\000S\000e\000t\000u\000p}{section.4}% 9
\BOOKMARK [2][-]{subsection.4.3}{\376\377\000V\000o\000t\000i\000n\000g}{section.4}% 10
\BOOKMARK [2][-]{subsection.4.4}{\376\377\000V\000o\000t\000e\000\040\000t\000a\000l\000l\000y\000i\000n\000g}{section.4}% 11
\BOOKMARK [1][-]{section.5}{\376\377\000V\000o\000t\000i\000n\000g\000\040\000s\000y\000s\000t\000e\000m\000\040\000p\000r\000o\000p\000e\000r\000t\000i\000e\000s}{}% 12
\BOOKMARK [2][-]{subsection.5.1}{\376\377\000C\000o\000l\000l\000u\000s\000i\000o\000n\000\040\000R\000e\000s\000i\000s\000t\000a\000n\000c\000e\000\040\000a\000n\000d\000\040\000R\000e\000c\000e\000i\000p\000t\000-\000F\000r\000e\000e\000n\000e\000s\000s\000\040}{section.5}% 13
\BOOKMARK [2][-]{subsection.5.2}{\376\377\000P\000r\000i\000v\000a\000c\000y}{section.5}% 14
\BOOKMARK [1][-]{section.6}{\376\377\000P\000e\000r\000f\000o\000r\000m\000a\000n\000c\000e}{}% 15
\BOOKMARK [1][-]{section.7}{\376\377\000U\000s\000e\000\040\000c\000a\000s\000e\000s}{}% 16
\BOOKMARK [1][-]{section.8}{\376\377\000N\000e\000x\000t\000\040\000s\000t\000e\000p\000s}{}% 17
\BOOKMARK [1][-]{section.9}{\376\377\000P\000o\000t\000e\000n\000t\000i\000a\000l\000\040\000p\000r\000o\000b\000l\000e\000m\000s}{}% 18
\BOOKMARK [1][-]{section.10}{\376\377\000A\000c\000k\000n\000o\000w\000l\000e\000d\000g\000e\000m\000e\000n\000t\000s}{}% 19
\BOOKMARK [1][-]{section.11}{\376\377\000A\000p\000p\000e\000n\000d\000i\000x}{}% 20
\BOOKMARK [2][-]{subsection.11.1}{\376\377\000T\000h\000r\000e\000s\000h\000o\000l\000d\000\040\000e\000n\000c\000r\000y\000p\000t\000i\000o\000n}{section.11}% 21
